<?xml version="1.0" encoding="UTF-8"?>
<testng-results ignored="0" total="2" passed="2" failed="0" skipped="0">
  <reporter-output>
  </reporter-output>
  <suite started-at="2020-09-18T09:06:35 ICT" name="Default suite" finished-at="2020-09-18T09:06:43 ICT" duration-ms="8153">
    <groups>
    </groups>
    <test started-at="2020-09-18T09:06:35 ICT" name="Default test" finished-at="2020-09-18T09:06:43 ICT" duration-ms="8153">
      <class name="testDemo.GoogleHomepageTests">
        <test-method signature="homepageTestsFirefox()[pri:0, instance:testDemo.GoogleHomepageTests@757acd7b]" started-at="2020-09-18T09:06:35 ICT" name="homepageTestsFirefox" finished-at="2020-09-18T09:06:43 ICT" duration-ms="8086" status="PASS">
          <reporter-output>
          </reporter-output>
        </test-method> <!-- homepageTestsFirefox -->
        <test-method signature="homepageTestsMsEdge()[pri:0, instance:testDemo.GoogleHomepageTests@757acd7b]" started-at="2020-09-18T09:06:43 ICT" name="homepageTestsMsEdge" finished-at="2020-09-18T09:06:43 ICT" duration-ms="3" status="PASS">
          <reporter-output>
          </reporter-output>
        </test-method> <!-- homepageTestsMsEdge -->
      </class> <!-- testDemo.GoogleHomepageTests -->
    </test> <!-- Default test -->
  </suite> <!-- Default suite -->
</testng-results>
